Base path: /Applications/Unity/Unity.app/Contents
Pipe name: \\.\pipe\UnityShaderCompiler-1--1593208408
Cmd: getPlatforms
Cmd: preprocess
  insize=535 outsize=535 ok=1
Cmd: preprocess
  insize=2158 outsize=953 ok=1
Cmd: preprocess
  insize=121056 outsize=121056 ok=1
Cmd: preprocess
  insize=2402 outsize=1070 ok=1
Cmd: preprocess
  insize=2944 outsize=1658 ok=1
Cmd: preprocess
  insize=777 outsize=1539 ok=1
Cmd: preprocess
  insize=2382 outsize=2382 ok=1
Cmd: preprocess
  insize=41087 outsize=41087 ok=1
Cmd: preprocess
  insize=52417 outsize=52417 ok=1
Cmd: preprocess
  insize=1167 outsize=603 ok=1
Cmd: preprocess
  insize=41132 outsize=41132 ok=1
Cmd: preprocess
  insize=4189 outsize=3135 ok=1
Cmd: preprocess
  insize=2242 outsize=996 ok=1
Cmd: preprocess
  insize=69658 outsize=69658 ok=1
Cmd: preprocess
  insize=2351 outsize=1110 ok=1
Cmd: preprocess
  insize=53633 outsize=53633 ok=1
Cmd: preprocess
  insize=4133 outsize=3079 ok=1
Cmd: preprocess
  insize=2272 outsize=1055 ok=1
Cmd: preprocess
  insize=2253 outsize=1040 ok=1
Cmd: preprocess
  insize=97979 outsize=97979 ok=1
Cmd: preprocess
  insize=2451 outsize=1111 ok=1
Cmd: preprocess
  insize=1832 outsize=641 ok=1
Cmd: preprocess
  insize=471 outsize=259 ok=1
Cmd: preprocess
  insize=2268 outsize=1033 ok=1
Cmd: preprocess
  insize=77837 outsize=77837 ok=1
Cmd: preprocess
  insize=94005 outsize=94005 ok=1
Cmd: preprocess
  insize=70229 outsize=70229 ok=1
Cmd: preprocess
  insize=3747 outsize=3159 ok=1
Cmd: preprocess
  insize=77418 outsize=77418 ok=1
Cmd: preprocess
  insize=2213 outsize=973 ok=1
Cmd: preprocess
  insize=2253 outsize=1040 ok=1
End of pipe

Quitting shader compiler process
